[   ..000000  nnttaaiiin cgroup subsys cuuee
[    ..0000]] Iiiiillzznn  cgoup subsys cpu

[   00000000] nnitializig ggroppssbbyy  ppaacc
[    0.000000] Liux vrriinn44440077--eeeric (buildd@lgw1-99  ggccvvrriinn55440 20666699((bbnnuu55440-uuuutt1111..444) ) #88UUuutt  MM  edAArr22  8:3400  TT  0077(Ubutt  4.4.0-77998-generic ....99
[    .000000] Cmmnn  iiee  OOTTIIAAE=bboo//mmliuu--...077--eeeeii  oottLLBE==lluuiiggrrotfsrr  oossll=tty1 conoole=tyyS0
    00000000] EENNLLssppoote  ppss
[    0.000000    nnee  enuineInee
[    ..00000]  AADDAAtteettccMD
    00000000]]  Centau  Centuraauls
[    ..000000  ----------[[cctthhrr ]------------

    00000000] AANNNN::CPU: 0PPDD    tt//uild/linux-FyIZx//iiuu--...0/arch/x8//eennllffuuxxtttecc5577ffuu__nnt_yyttmmxxttat++xx88/077aa))

    00000000] XSAVE oosssseecc  rrbbem  uuppin  eevvss
[    0.000000  ooules linee  nn:
[    .000000] CUU    II::00Comm  wwppee  oo  ainted 4.4.--77-generic #98-Ubuntu
[    ..000000  0000000000000086994488aaaa44dd22 fffffff88ee3388  ffffff88338899
[    0.000000  ffffffff1e03dc8ffffffff88cc99bb  ffffff88ee03bb  fffffff8001100
[    .000000]  fffffff88ee3344  ffffff88ee3344  00000000000000  00000000000010
[    ..00000] Call Trace:

    00000000]  [<fffffff88338899>> dmmp_ttcc++xx330090
    00000000]] [<fffffff88001100>] war__llowpathccmmoo++xx2200cc
[    0.000000  [[ffffffff810813cc]] wrr__llwwaahhfmt+xxcc0088
[    .000000] [ffffffff1107cfd0]] ?xxeeature_iiee0055//xx77
[   00.00000]]  <<ffffffff116d00>>  pp__iiit_sstmmxxtttt++xx8b/0x75a

    000000000]  [<ffffffff81f5d120>] ? early_idt_handler_array+0x120/0x120
[    0.000000]  [<ffffffff81f6cb7a>] fpu__inttssssee++xx00//x245
[    0000000]]  <<fffffff81fdd88>>  aall__pu_init+0x33//xx33
[   0.000000  [[ffffffff8166cc33]]??eerryycp__nntt0011990011e
[    ..000000  [<ffffffff116618>>  eeuu__rrhh0xb4/0xcf1

[   00000000]]  <<ffffff81f5d100>] ? early_idt_hanllrraarryy0011000x120
[    ..000000] [[ffffffff88ffdd74>]start_krree++xx44004422

    0.000000  [[ffffffff88ffd120] ? early_itt_hnndlerarray+01120/0120
[   00000000]] [<fffffff88ffdd33>>  88_64_ttrr__eeeevations+0x2a/0x2
[    ..000000  <<ffffffff81f5d455]]xx6666__ttrr_krree++xx44//x16d
    00000000] --[[eeddttaaee445f992266cc2233]---

    00.00000] CPUID[0d, 00:: exx00000000  bb==000440 ecx00000044  dd==000000
[    0.000000] PPII[[dd  11::eax=00000000 exx000000cc  cx00000000 edx00000000
[    ..000000  PUID00d, 0]: eax00000000  bb==000044  cc==0000000 ed==0000000
[    ..000000 CPUDD00,,00]]  aa=0000000  ebx=00000000eexx00000000eexx00000000
[    0.000000  PPII[[dd  4]: aa==00000000eex=000000  cc==0000000 edx=00000000

    00000000  PPII[[dd 0]]  aa==00000000eb==00000000eexx00000000eexx00000000
[   0.000000  PPII[[dd  66: aa==00000000eexx00000000 exx00000000  dd=00000000
[   0.000000] CUUDD00,,00]]  ax=0000000  bb==000000  cc==00000000edx=00000000

    00000000  PPII[[dd 08]  aa=0000000  bb==00000000ec==00000000 exx00000000
[    0.00000  PPII[[dd 09] eax00000000  bb==0000000 ec==00000000eex=00000000

    00000000  PPII[[dd  a]: eax=00000000eexx00000000eexx00000000 edx=00000000
    00000000] CPUID[dd  bb::eexx00000000eexx00000000eexx00000000 edx00000000
[    .00000]]CCUUDD00,,0c]:eexx00000000  bx00000000  cc=0000000  dd==0000000
[    0.000000 CUUDD00,,0d]: eax=00000000 ebx=00000000 ecx=00000000 edx=00000000
[    0.000000] CPUID[0d, 0e]: eax=00000000 ebx=00000000 ecx=00000000 edx=00000000
[    0.000000] CPUID[0d, 0f]: eax=00000000 ebx=00000000 ecx=00000000 edx=00000000
[    0.000000] CPUID[0d, 10]: eax=00000000 ebx=00000000 ecx=00000000 edx=00000000
[    0.000000] CPUID[0d, 11]: eax=00000000 ebx=00000000 ecx=00000000 edx=00000000
[    0.000000] x86/fpu: xstate_offset[2]:  576, xstate_sizes[2]:  256
[    0.000000] x86/fpu: Supporting XSAVE feature 0x01: 'x87 floating point registers'
[    0.000000] x86/fpu: Supporting XSAVE feature 0x02: 'SSE registers'
[    0.000000] x86/fpu: Supporting XSAVE feature 0x04: 'AVX registers'
[    ..000000  88//pu: Enbbee  ssaaeeffaauures xx,,ccnneettsszz is 1088 byees, uiing 'ttandadd  ooma..

    00000000] x8//pp::UUiigg''azy'FPU context switches.
[    0.000000] e820: BIOS-provided physical RAM map:
[    0.000000] BIOS-e820: [mem 0x0000000000000000-xx000000000099bbf]uuaall
[    ..0000]]BBOOS-e800: [mem00000000000009fc0000000000000009ffff] reeevvdd

    00000000  IISSee22::[[em000000000000000000-0x00000000000ffff]]reeevvdd

[   00000000  IISSee82::[[ee  xx000000000100000-0x000000033fffffff]uuaabl
[    ..00000]BBOO--8800  mmm 0x00000000ffff000000000000003fffffff  CCIIddtt
[    ..000000  IISSee20: mem 0x00000000ffcc00000x00000000ffffffff  eeeevvd
[    0.00000]] N  EEeeuueeDDssbbe) protection: active
[    0.000000] SMBIOS 2.5 present.
[    0.000000] Hypervisor detected: KVM
[    0.000000] e820: last_pfn = 0x3fff0 max_arch_pfn = 0x400000000
[    0.000000] MTRR: Disabled
[    0.000000] x86/PAT: MTRRs disabled, skipping PAT initialization too.
[    0.000000] x86/PAT: Configuration [0-7]: WB  WT  UC- UC  WB  WT  UC- UC  
[    0.000000] CPU MTRRs all blank - virtualized system.
[    0.000000] found SMP MP-table at [mem 0x0009fff0-0x0009ffff] mapped at [ffff88000009fff0]
[    0.000000] Scanning 1 areas for low memory corruption
[    0.000000] RAMDISK: [mem 0x36aea000-0x3756cfff]
[    0.000000] ACPI: Early table checksum verification disabled
[    0.000000] ACPI: RSDP 0x00000000000E0000 000024 (v02 VBOX  )
[    0.000000] ACPI: XSDT 0x000000003FFF0030 00003C (v01 VBOX   VBOXXSDT 00000001 ASL  00000061)
[    0.000000] ACPI: FACP 0x000000003FFF00F0 0000F4 (v04 VBOX   VBOXFACP 00000001 ASL  00000061)
[    0.000000] ACPI: DSDT 0x000000003FFF0470 002118 (v01 VBOX   VBOXBIOS 00000002 INTL 20160108)
[    0.000000] ACPI: FACS 0x000000003FFF0200 000040
[    0.000000] ACPI: FACS 0x000000003FFF0200 000040
[    0.000000] ACPI: APIC 0x000000003FFF0240 000054 (v02 VBOX   VBOXAPIC 00000001 ASL  00000061)
[    0.000000] ACPI: SSDT 0x000000003FFF02A0 0001CC (v01 VBOX   VBOXCPUT 00000002 INTL 20160108)
[    0.000000] No NUMA configuration found
[    0.000000] Faking a node at [mem 0x0000000000000000-0x000000003ffeffff]
[    0.000000] NODE_DATA(0) allocated [mem 0x3ffeb000-0x3ffeffff]
[    0.000000] kvm-clock: Using msrs 4b564d01 and 4b564d00
[    0.000000] kvm-clock: cpu 0, msr 0:3ffe3001, primary cpu clock
[    0.000000] kvm-clock: using sched offset of 2938484676 cycles
[    0.000000] clocksource: kvm-clock: mask: 0xffffffffffffffff max_cycles: 0x1cd42e4dffb, max_idle_ns: 881590591483 ns
[    0.000000] Zone ranges:
[    0.000000]   DMA      [mem 0x0000000000001000-0x0000000000ffffff]
[    0.000000]   DMA32    [mem 0x0000000001000000-0x000000003ffeffff]
[    0.000000]   Normal   empty
[    0.000000]   Device   empty
[    0.000000] Movable zone start for each node
[    0.000000] Early memory node ranges
[    0.000000]   node   0: [mem 0x0000000000001000-0x000000000009efff]
[    0.000000]   node   0: [mem 0x0000000000100000-0x000000003ffeffff]
[    0.000000] Initmem setup node 0 [mem 0x0000000000001000-0x000000003ffeffff]
[    0.000000] ACPI: PM-Timer IO Port: 0x4008
[    0.000000] IOAPIC[0]: apic_id 1, version 17, address 0xfec00000, GSI 0-23
[    0.000000] ACPI: INT_SRC_OVR (bus 0 bus_irq 0 global_irq 2 dfl dfl)
[    0.000000] ACPI: INT_SRC_OVR (bus 0 bus_irq 9 global_irq 9 high level)
[    0.000000] Using ACPI (MADT) for SMP configuration information
[    0.000000] smpboot: Allowing 1 CPUs, 0 hotplug CPUs
[    0.000000] PM: Registered nosave memory: [mem 0x00000000-0x00000fff]
[    0.000000] PM: Registered nosave memory: [mem 0x0009f000-0x0009ffff]
[    0.000000] PM: Registered nosave memory: [mem 0x000a0000-0x000effff]
[    0.000000] PM: Registered nosave memory: [mem 0x000f0000-0x000fffff]
[    0.000000] e820: [mem 0x40000000-0xfffbffff] available for PCI devices
[    0.000000] Booting paravirtualized kernel on KVM
[    0.000000] clocksource: refined-jiffies: mask: 0xffffffff max_cycles: 0xffffffff, max_idle_ns: 7645519600211568 ns
[    0.000000] setup_percpu: NR_CPUS:512 nr_cpumask_bits:512 nr_cpu_ids:1 nr_node_ids:1
[    0.000000] PERCPU: Embedded 33 pages/cpu @ffff88003fc00000 s98264 r8192 d28712 u2097152
[    0.000000] PV qspinlock hash table entries: 256 (order: 0, 4096 bytes)
[    0.000000] Built 1 zonelists in Node order, mobility grouping on.  Total pages: 257913
[    0.000000] Policy zone: DMA32
[    0.000000] Kernel command line: BOOT_IMAGE=/boot/vmlinuz-4.4.0-77-generic root=LABEL=cloudimg-rootfs ro console=tty1 console=ttyS0
[    0.000000] PID hash table entries: 4096 (order: 3, 32768 bytes)
[    0.000000] Memory: 1001948K/1048120K available (8449K kernel code, 1294K rwdata, 3980K rodata, 1484K init, 1316K bss, 46172K reserved, 0K cma-reserved)
[    0.000000] SLUB: HWalign=64, Order=0-3, MinObjects=0, CPUs=1, Nodes=1
[    0.000000] Hierarchical RCU implementation.
[    0.000000] 	Build-time adjustment of leaf fanout to 64.
[    0.000000] 	RCU restricting CPUs from NR_CPUS=512 to nr_cpu_ids=1.
[    0.000000] RCU: Adjusting geometry for rcu_fanout_leaf=64, nr_cpu_ids=1
[    0.000000] NR_IRQS:33024 nr_irqs:256 16
[    0.000000] Console: colour VGA+ 80x25
[    0.000000] console [tty1] enabled
[    0.000000] console [ttyS0] enabled
[    0.000000] tsc: Detected 2592.008 MHz processor
[   20.539497] Calibrating delay loop (skipped) preset value.. 5184.01 BogoMIPS (lpj=10368032)
[   20.541033] pid_max: default: 32768 minimum: 301
[   20.541777] ACPI: Core revision 20150930
[   20.543300] ACPI: 2 ACPI AML tables successfully acquired and loaded
[   20.549812] Security Framework initialized
[   20.550517] Yama: becoming mindful.
[   20.551157] AppArmor: AppArmor initialized
[   20.551939] Dentry cache hash table entries: 131072 (order: 8, 1048576 bytes)
[   20.556789] Inode-cache hash table entries: 65536 (order: 7, 524288 bytes)
[   20.560071] Mount-cache hash table entries: 2048 (order: 2, 16384 bytes)
[   20.569667] Mountpoint-cache hash table entries: 2048 (order: 2, 16384 bytes)
[   20.580010] Initializing cgroup subsys io
[   20.598282] Initializing cgroup subsys memory
[   20.608263] Initializing cgroup subsys devices
[   20.609044] Initializing cgroup subsys freezer
[   20.609797] Initializing cgroup subsys net_cls
[   20.610545] Initializing cgroup subsys perf_event
[   20.611293] Initializing cgroup subsys net_prio
[   20.616662] Initializing cgroup subsys hugetlb
[   20.628519] Initializing cgroup subsys pids
[   20.629382] CPU: Physical Processor ID: 0
[   20.660437] mce: CPU supports 0 MCE banks
[   20.669370] process: using mwait in idle threads
[   20.670180] Last level iTLB entries: 4KB 64, 2MB 8, 4MB 8
[   20.671004] Last level dTLB entries: 4KB 64, 2MB 0, 4MB 0, 1GB 4
[   20.688614] Freeing SMP alternatives memory: 32K (ffffffff820b8000 - ffffffff820c0000)
[  20.716910] ftrace: allocating 32117 entries in 126 pages
[   20.773705] smpboot: APIC(0) Converting physical 0 to logical package 0
[   20.798118] smpboot: Max logical packages: 1
[   20.803173] ..TIMER: vector=0x30 apic1=0 pin1=2 apic2=-1 pin2=-1
[   20.913304] smpboot: CPU0: Intel(R) Core(TM) i7-6700HQ CPU @ 2.60GHz (family: 0x6, model: 0x5e, stepping: 0x3)
[   20.927522] Performance Events: unsupported p6 CPU model 94 no PMU driver, software events only.
[   20.929211] KVM setup paravirtual spinlock
[   20.949906] x86: Booted up 1 node, 1 CPUs
[   20.957830] smpboot: Total of 1 processors activated (5184.01 BogoMIPS)
[   20.959063] devtmpfs: initialized
[   20.966217] evm: security.selinux
[   20.969243] evm: security.SMACK64
[   20.969863] evm: security.SMACK64EXEC
[   20.970501] evm: security.SMACK64TRANSMUTE
[   20.971177] evm: security.SMACK64MMAP
[   20.971839] evm: security.ima
[   20.972435] evm: security.capability
[   20.973213] clocksource: jiffies: mask: 0xffffffff max_cycles: 0xffffffff, max_idle_ns: 7645041785100000 ns
[   20.979495] futex hash table entries: 256 (order: 2, 16384 bytes)
[   21.369148] pinctrl core: initialized pinctrl subsystem
[   21.689102] RTC time: 14:11:39, date: 05/04/17
[   21.904939] NET: Registered protocol family 16
[   22.079284] cpuidle: using governor ladder
[   22.343476] cpuidle: using governor menu
[   22.498991] PCCT header not found.
[   22.625926] ACPI: bus type PCI registered
[   22.858982] acpiphp: ACPI Hot Plug PCI Controller Driver version: 0.5
[   23.237443] PCI: Using configuration type 1 for base access
[   23.580598] ACPI: Added _OSI(Module Device)
[   23.609108] ACPI: Added _OSI(Processor Device)
[   23.609757] ACPI: Added _OSI(3.0 _SCP Extensions)
[   23.610424] ACPI: Added _OSI(Processor Aggregator Device)
[   23.611616] ACPI: Executed 1 blocks of module-level executable AML code
[   23.760485] ACPI: Interpreter enabled
[   23.964864] ACPI: (supports S0 S5)
[   24.184980] ACPI: Using IOAPIC for interrupt routing
[   24.486331] PCI: Using host bridge windows from ACPI; if necessary, use "pci=nocrs" and report a bug
[   25.028314] ACPI: PCI Root Bridge [PCI0] (domain 0000 [bus 00-ff])
[   25.342262] acpi PNP0A03:00: _OSC: OS supports [ASPM ClockPM Segments MSI]
[   25.718938] acpi PNP0A03:00: _OSC failed (AE_NOT_FOUND); disabling ASPM
[   25.719962] acpi PNP0A03:00: fail to add MMCONFIG information, can't access extended PCI configuration space under this bridge.
[   25.735090] PCI host bridge to bus 0000:00
[   25.962539] pci_bus 0000:00: root bus resource [io  0x0000-0x0cf7 window]
[   26.338942] pci_bus 0000:00: root bus resource [io  0x0d00-0xffff window]
[   26.715017] pci_bus 0000:00: root bus resource [mem 0x000a0000-0x000bffff window]
[   26.915295] pci_bus 0000:00: root bus resource [mem 0x40000000-0xffdfffff window]
[   27.365763] pci_bus 0000:00: root bus resource [bus 00-ff]
[   27.680069] pci 0000:00:01.1: legacy IDE quirk: reg 0x10: [io  0x01f0-0x01f7]
[   28.081291] pci 0000:00:01.1: legacy IDE quirk: reg 0x14: [io  0x03f6]
[   28.414456] pci 0000:00:01.1: legacy IDE quirk: reg 0x18: [io  0x0170-0x0177]
[   28.788855] pci 0000:00:01.1: legacy IDE quirk: reg 0x1c: [io  0x0376]
[   29.134052] ACPI: PCI Interrupt Link [LNKA] (IRQs 5 9 10 11) *0, disabled.
[   29.448994] ACPI: PCI Interrupt Link [LNKB] (IRQs 5 9 10 *11)
[   29.748739] ACPI: PCI Interrupt Link [LNKC] (IRQs 5 9 *10 11)
[   30.008939] ACPI: PCI Interrupt Link [LNKD] (IRQs 5 *9 10 11)
[   30.308989] ACPI: Enabled 2 GPEs in block 00 to 07
[   30.568982] vgaarb: setting as boot device: PCI:0000:00:02.0
[   30.841314] vgaarb: device added: PCI:0000:00:02.0,decodes=io+mem,owns=io+mem,locks=none
[   31.188942] vgaarb: loaded
[   31.335994] vgaarb: bridge control possible 0000:00:02.0
[   31.578942] SCSI subsystem initialized
[   31.786822] ACPI: bus type USB registered
[   31.944595] usbcore: registered new interface driver usbfs
[   32.038911] usbcore: registered new interface driver hub
[   32.055216] usbcore: registered new device driver usb
[   32.056070] PCI: Using ACPI for IRQ routing
[   32.056875] NetLabel: Initializing
[   32.057407] NetLabel:  domain hash size = 128
[   32.058020] NetLabel:  protocols = UNLABELED CIPSOv4
[   32.108696] NetLabel:  unlabeled traffic allowed by default
[   32.368814] amd_nb: Cannot enumerate AMD northbridges
[   32.558660] clocksource: Switched to clocksource kvm-clock
[   22.764258] AppArmor: AppArmor Filesyttem Enabled
[   33.108735] pnp: PnPAACPI init
[   33.386158]ppnp: PnP ACII: found 3 devices
[   33.819988] clocksoucc:: acpi_pm: mask: 0xffffff max_cycles: 0xffffff, max_idle_ns: 2085701024 ns
[   34.149305] NET: Registered protocol family 2
[   34.518762] TCP establishedhhash table entries: 8192 (order: 4, 65536 bytes)
[   34.799001] TCP bind hash table entries: 8192 (order: 5, 131072 bytes)
[   34.799855] TCP: Hash tables configured (established 8192 bind 8192)
[   34.800338] UDP hash tabeeeentries: 512 (order: 2, 16384 bytes)
[   35.328633] UDP-Lite hash table ettries: 512 (order: 2, 16384 bytes)
[   35.788674] NET: Registered protocol family 1
[   36.068597] pci 0000:00:00.0: Limiting direct PCI/PCI transfers
[   36.578599] pci 0000:00:01.0: Activating ISA DMA hang workarounds
[   36.927652] Unpacking initramfs...
[   38.837291] Freeing initrd memory: 10764K (ffff880036aea000 - ffff88003756d000)
[   39.438026] platform rtc_cmos: registered platform RTC device (no PNP device found)
[   40.118715] Scanning for low memory corruption every 60 seconds
[   40.708394] tsc: Refined TSC clocksource calibration: 2592.043 MHz
[   41.328443] clocksource: tsc: mask: 0xffffffffffffffff max_cycles: 0x255cdf5ac6f, max_idle_ns: 440795235215 ns
[   42.138923] audit: initializing netlink subsys (disabled)
[   42.608390] audit: type=2000 audit(1493907093.145:1): initialized
[   42.648696] Initialise system trusted keyring
[   42.808422] HugeTLB registered 2 MB page size, pre-allocated 0 pages
[   43.334349] zbud: loaded
[   43.528413] VFS: Disk quotas dquot_6.6.0
[   43.938372] VFS: Dquot-cache hash table entries: 512 (order 0, 4096 bytes)
[   44.668549] squashfs: version 4.0 (2009/01/31) Phillip Lougher
[   44.739162] fuse init (API version 7.23)
[   44.747534] Key type big_key registered
[   44.754091] Allocating IMA MOK and blacklist keyrings.
[   44.755145] Key type asymmetric registered
[   44.758679] Asymmetric key parser 'x509' registered
[   44.768742] Block layer SCSI generic (bsg) driver version 0.4 loaded (major 249)
[   44.773733] io scheduler noop registered
[   44.776337] io scheduler deadline registered (default)
[   44.777208] io scheduler cfq registered
[   44.778058] pci_hotplug: PCI Hot Plug PCI Core version: 0.5
[   45.038323] pciehp: PCI Express Hot Plug Controller Driver version: 0.4
[   45.478493] ACPI: AC Adapter [AC] (on-line)
[   45.498706] input: Power Button as /devices/LNXSYSTM:00/LNXPWRBN:00/input/input0
[   45.500092] ACPI: Power Button [PWRF]
[   45.500821] input: Sleep Button as /devices/LNXSYSTM:00/LNXSLPBN:00/input/input1
[   45.502084] ACPI: Sleep Button [SLPF]
[   45.503303] ACPI: Battery Slot [BAT0] (battery present)
[   45.504201] GHES: HEST is not enabled!
[   45.505038] Serial: 8250/16550 driver, 32 ports, IRQ sharing enabled
[   45.527502] 00:02: ttyS0 at I/O 0x3f8 (irq = 4, base_baud = 115200) is a 16550A
[   45.540192] Linux agpgart interface v0.103
[   45.928998] loop: module loaded
[   46.118919] scsi host0: ata_piix
[   46.369457] scsi host1: ata_piix
[   46.578235] ata1: PATA max UDMA/33 cmd 0x1f0 ctl 0x3f6 bmdma 0xd000 irq 14
[   46.598999] ata2: PATA max UDMA/33 cmd 0x170 ctl 0x376 bmdma 0xd008 irq 15
[   47.258551] libphy: Fixed MDIO Bus: probed
[   47.419089] tun: Universal TUN/TAP device driver, 1.6
[   47.938185] tun: (C) 1999-2004 Max Krasnyansky <maxk@qualcomm.com>
[   48.538499] PPP generic driver version 2.4.2
[   48.928167] ehci_hcd: USB 2.0 'Enhanced' Host Controller (EHCI) Driver
[   49.098665] ehci-pci: EHCI PCI platform driver
[   49.378219] ehci-platform: EHCI generic platform driver
[   49.728193] ohci_hcd: USB 1.1 'Open' Host Controller (OHCI) Driver
[   50.008429] ohci-pci: OHCI PCI platform driver
[   50.009132] ohci-platform: OHCI generic platform driver
[   50.012573] uhci_hcd: USB Universal Host Controller Interface driver
[   50.013486] i8042: PNP: PS/2 Controller [PNP0303:PS2K,PNP0f03:PS2M] at 0x60,0x64 irq 1,12
[   50.015095] serio: i8042 KBD port at 0x60,0x64 irq 1
[   50.015844] serio: i8042 AUX port at 0x60,0x64 irq 12
[   50.016663] mousedev: PS/2 mouse device common for all mice
[   50.017656] input: AT Translated Set 2 keyboard as /devices/platform/i8042/serio0/input/input2
[   50.448548] rtc_cmos rtc_cmos: rtc core: registered rtc_cmos as rtc0
[   50.958382] rtc_cmos rtc_cmos: alarms up to one day, 114 bytes nvram
[   51.058460] i2c /dev entries driver
[   51.059094] device-mapper: uevent: version 1.0.3
[   51.568218] device-mapper: ioctl: 4.34.0-ioctl (2015-10-28) initialised: dm-devel@redhat.com
[   52.118335] ledtrig-cpu: registered to indicate activity on CPUs
[   52.128934] NET: Registered protocol family 10
[   52.188445] NET: Registered protocol family 17
[   52.248320] Key type dns_resolver registered
[   52.398182] microcode: CPU0 sig=0x506e3, pf=0x40, revision=0x0
[   52.908165] microcode: Microcode Update Driver: v2.01 <tigran@aivazian.fsnet.co.uk>, Peter Oruba
[   53.318451] registered taskstats version 1
[   53.428162] Loading compiled-in X.509 certificates
[   53.858544] Loaded X.509 cert 'Build time autogenerated kernel key: 60562572960efd370424d983abb028749c4780ed'
[   54.718319] zswap: loaded using pool lzo/zbud
[   55.048973] Key type trusted registered
[   55.429719] Key type encrypted registered
[   55.867969] AppArmor: AppArmor sha1 policy hashing enabled
[   56.398081] ima: No TPM chip found, activating TPM-bypass!
[   56.947989] evm: HMAC attrs: 0x1
[   57.316519]   Magic number: 1:394:181
[   57.527903] rtc_cmos rtc_cmos: setting system clock to 2017-05-04 14:12:15 UTC (1493907135)
[   57.748738] BIOS EDD facility v0.16 2004-Jun-25, 0 devices found
[   88.127961] EDD information not available.
[   58.508863] Freeing unused kernel memory: 1484K (ffffffff81f45000 - ffffffff820b8000)
[   59.378079] Write protecting the kernel read-only data: 14336k
[   59.558389] Freeing unused kernel memory: 1780K (ffff880001843000 - ffff880001a00000)
[   59.568974] Freeing unused kernel memory: 116K (ffff880001de3000 - ffff880001e00000)
Loading, please [   59.578366] random: udevadm: uninitialized urandom read (16 bytes read, 7 bits of entropy available)
wait...
startin[   59.599543] random: systemd-udevd: uninitialized urandom read (16 bytes read, 7 bits of entropy available)
g version 229
[   59.639309] random: udevadm: uninitialized urandom read (16 bytes read, 7 bits of entropy available)
[   59.649004] random: udevadm: uninitialized urandom read (16 bytes read, 7 bits of entropy available)
[   59.653572] random: udevadm: uninitialized urandom read (16 bytes read, 7 bits of entropy available)
[   59.659166] random: systemd-udevd: uninitialized urandom read (16 bytes read, 7 bits of entropy available)
[   59.678944] random: udevadm: uninitialized urandom read (16 bytes read, 7 bits of entropy available)
[   59.688907] random: udevadm: uninitialized urandom read (16 bytes read, 7 bits of entropy available)
[   59.699042] random: systemd-udevd: uninitialized urandom read (16 bytes read, 7 bits of entropy available)
[   59.719070] random: udevadm: uninitialized urandom read (16 bytes read, 7 bits of entropy available)
[   59.752828] e1000: Intel(R) PRO/1000 Network Driver - version 7.3.21-k8-NAPI
[   59.778504] e1000: Copyright (c) 1999-2006 Intel Corporation.
[   59.809861] Fusion MPT base driver 3.04.20
[   59.858052] Copyright (c) 1999-2008 LSI Corporation
[   59.895365] AVX version of gcm_enc/dec engaged.
[   59.958134] AES CTR mode by8 optimization enabled
[   59.997661] Fusion MPT SPI Host driver 3.04.20
[   60.073957] input: ImExPS/2 Generic Explorer Mouse as /devices/platform/i8042/serio1/input/input4
[   60.381555] e1000 0000:00:03.0 eth0: (PCI:33MHz:32-bit) 02:70:ae:be:ac:28
[   60.428388] e1000 0000:00:03.0 eth0: Intel(R) PRO/1000 Network Connection
[   60.439035] mptbase: ioc0: Initiating bringup
[   60.511190] ioc0: LSI53C1030 A0: Capabilities={Initiator}
[   60.923375] scsi host2: ioc0: LSI53C1030 A0, FwRev=00000000h, Ports=1, MaxQ=256, IRQ=20
[   61.729655] scsi 2:0:0:0: Direct-Access     VBOX     HARDDISK         1.0  PQ: 0 ANSI: 5
[   62.568081] scsi target2:0:0: Beginning Domain Validation
[   63.081606] floppy0: no floppy controllers found
[   63.590819] scsi target2:0:0: Domain Validation skipping write tests
[   63.698221] scsi target2:0:0: Ending Domain Validation
[   63.825112] scsi target2:0:0: asynchronous
[   63.924031] scsi 2:0:1:0: Direct-Access     VBOX     HARDDISK         1.0  PQ: 0 ANSI: 5
[   64.123459] scsi target2:0:1: Beginning Domain Validation
[   64.158989] scsi target2:0:1: Domain Validation skipping write tests
[   64.747777] scsi target2:0:1: Ending Domain Validation
[   64.789283] e1000 0000:00:08.0 eth1: (PCI:33MHz:32-bit) 08:00:27:08:3d:15
[   64.808376] e1000 0000:00:08.0 eth1: Intel(R) PRO/1000 Network Connection
[   64.810012] e1000 0000:00:08.0 enp0s8: renamed from eth1
[   64.813431] e1000 0000:00:03.0 enp0s3: renamed from eth0
[   64.816767] scsi target2:0:1: asynchronous
[   64.831603] sd 2:0:0:0: Attached scsi generic sg0 type 0
[   65.066910] sd 2:0:0:0: [sda] 20971520 512-byte logical blocks: (10.7 GB/10.0 GiB)
[   65.738713] sd 2:0:1:0: [sdb] 20480 512-byte logical blocks: (10.5 MB/10.0 MiB)
[   66.257955] sd 2:0:1:0: Attached scsi generic sg1 type 0
[   66.678100] sd 2:0:0:0: [sda] Write Protect is off
[   67.167676] sd 2:0:1:0: [sdb] Write Protect is off
[   67.617979] sd 2:0:1:0: [sdb] Incomplete mode parameter data
[   68.217627] sd 2:0:1:0: [sdb] Assuming drive cache: write through
[   68.747645] sd 2:0:0:0: [sda] Incomplete mode parameter data
[   69.297550] sd 2:0:0:0: [sda] Assuming drive cache: write through
[   69.979309]  sda: sda1
[   70.208866] sd 2:0:1:0: [sdb] Attached SCSI disk
[   70.727826] sd 2:0:0:0: [sda] Attached SCSI disk
Begin: Loading e[   72.491636] md: linear personality registered for level -1
ssential drivers[   72.540845] md: multipath personality registered for level -4
 ... [   72.547792] md: raid0 personality registered for level 0
[   72.560947] md: raid1 personality registered for level 1
[   72.637094] raid6: sse2x1   gen()  8928 MB/s
[   72.737083] raid6: sse2x1   xor()  6243 MB/s
[   72.837024] raid6: sse2x2   gen() 11152 MB/s
[   72.937096] raid6: sse2x2   xor()  7969 MB/s
[   73.047058] raid6: sse2x4   gen() 13514 MB/s
[   73.517051] raid6: sse2x4   xor()  9320 MB/s
[   73.807507] raid6: using algorithm sse2x4 gen() 13514 MB/s
[   73.808356] raid6: .... xor() 9320 MB/s, rmw enabled
[   74.287395] raid6: using ssse3x2 recovery algorithm
[   74.349403] xor: automatically using best checksumming function:
[   74.996991]    avx       : 49823.000 MB/sec
[   75.309331] async_tx: api initialized (async)
[   75.409092] md: raid6 personality registered for level 6
[   75.797436] md: raid5 personality registered for level 5
[   76.337350] md: raid4 personality registered for level 4
[   76.482114] md: raid10 personality registered for level 10
done.
Begin: Running[   76.523315] Btrfs loaded
 /scripts/init-premount ... done.
Begin: Mounti[   76.576179] EXT4-fs (sda1): mounted filesystem with ordered data mode. Opts: (null)
ng root file system ... Begin: Running /scripts/local-top ... done.
Begin: Running /scripts/local-premount ... Scanning for Btrfs filesystems
done.
Warning: fsck not present, so skipping root file system
done.
Begin: Running /scripts/local-bottom ... done.
Begin: Running /scripts/init-bottom ... done.
[   76.804460] systemd[1]: systemd 229 running in system mode. (+PAM +AUDIT +SELINUX +IMA +APPARMOR +SMACK +SYSVINIT +UTMP +LIBCRYPTSETUP +GCRYPT +GNUTLS +ACL +XZ -LZ4 +SECCOMP +BLKID +ELFUTILS +KMOD -IDN)
[   77.428070] systemd[1]: Detected virtualization oracle.
[   77.497653] systemd[1]: Detected architecture x86-64.

Welcome to [1mUbuntu 16.04.2 LTS[0m!

[   77.907915] systemd[1]: Set hostname to <ubuntu>.
[   78.178709] systemd[1]: Initializing machine ID from random generator.
[   78.597442] systemd[1]: Installed transient /etc/machine-id file.
[   78.728358] random: nonblocking pool is initialized
[   78.822886] systemd[1]: Reached target Encrypted Volumes.
[[0;32m  OK  [0m] Reached target Encrypted Volumes.
[   79.171131] systemd[1]: Listening on LVM2 poll daemon socket.
[[0;32m  OK  [0m] Listening on LVM2 poll daemon socket.
[   79.435085] systemd[1]: Listening on LVM2 metadata daemon socket.
[[0;32m  OK  [0m] Listening on LVM2 metadata daemon socket.
[   79.871316] systemd[1]: Listening on Device-mapper event daemon FIFOs.
[[0;32m  OK  [0m] Listening on Device-mapper event daemon FIFOs.
[   80.418837] systemd[1]: Reached target Swap.
[[0;32m  OK  [0m] Reached target Swap.
[   80.669267] systemd[1]: Listening on udev Kernel Socket.
[[0;32m  OK  [0m] Listening on udev Kernel Socket.
[   80.672239] systemd[1]: Started Forward Password Requests to Wall Directory Watch.
[[0;32m  OK  [0m] Started Forward Password Requests to Wall Directory Watch.
[   81.069162] systemd[1]: Listening on udev Control Socket.
[[0;32m  OK  [0m] Listening on udev Control Socket.
[   81.138990] systemd[1]: Started Trigger resolvconf update for networkd DNS.
[[0;32m  OK  [0m] Started Trigger resolvconf update for networkd DNS.
[   81.719610] systemd[1]: Created slice System Slice.
[[0;32m  OK  [0m] Created slice System Slice.
[   81.747109] systemd[1]: Set up automount Arbitrary Executable File Formats File System Automount Point.
[[0;32m  OK  [0m] Set up automount Arbitrary Executab...ats File System Automount Point.
[   82.767018] systemd[1]: Listening on Journal Audit Socket.
[[0;32m  OK  [0m] Listening on Journal Audit Socket.
[   833398959] systemd[1]: Listening on Journal Socket.
[[0;32m  OK  [0m] Listening on Journal Socket.
[   83.817947] systemd[1]: Mounting Huge Pages File System...
         Mounting Huge Pages File System...
[   83.820171] systemd[1]: Mounting Debug File System...
         Mounting Debug File System...
[   83.852359] systemd[1]: Mounting POSIX Message Queue File System...
         Mounting POSIX Message Queue File System...
[   84.247025] systemd[1]: Listening on /dev/initctl Compatibiliyy Named Pipe.
[[0;32m  OK  [0m] Listening on /dev/initctl Compatibility Named Pipe.
[   84.871614] systemd[1]: Starting Load Kernel Modules...
         [   84.994243] Loading iSCSI transport class v2.0-870.
Starting Load Ke[   85.422044] iscsi: registered transport (tcp)
rnel Modules...
[   85.532440] systemd[1]: Listening on Journal Socket (/dev/log).
[[0;32m  OK  [0m] Listening on Journal Socket (/dev/log).
[   85.535259] systemd[1]: Reached target User and Group Name Lookups.
[[0;32m  OK  [0m] Reached target User and Group[   85.741118] iscsi: registered transport (iser)
 Name Lookups.
[   86.262950] systemd[1]: Listening on Syslog Socket.
[[0;32m  OK  [0m] Listening on Syslog Socket.
[   86.763704] systemd[1]: Starting Journal Service...
         Starting Journal Service...
[   87.003180] systemd[1]: Starting Uncomplicated firewall...
         Starting Uncomplicated firewall...
[   87.435445] systemd[1]: Starting Create list of required static device nodes for the current kernel...
         Starting Create list of required st... nodes for the current kernel...
[   87.523242] systemd[1]: Created slice system-serial\x2dgetty.slice.
[[0;32m  OK  [0m] Created slice system-serial\x2dgetty.slice.
[   87.848845] systemd[1]: Starting Set console keymap...
         Starting Set console keymap...
[   88.075555] systemd[1]: Created slice User and Session Slice.
[[0;32m  OK  [0m] Created slice User and Session Slice.
[   88.64298]] systemd[1]: Reached target Slices.
[[0;32m  OK  [0m] Reached target Slices.
[   89.107340] systemd[1]: Starting Remount Root and Kernel File Systems...
         [   89.859449] EXT4-fs (sda1): re-mounted. Opts: (null)
Starting Remount Root and Kernel File Systems...
[   90.456721] systemd[1]: Starting Nameserver information manager...
         Starting Nameserver information manager...
[   90.939700] systemd[1]: Starting Monitoring of LVM2 mirrors, snapshots etc. using dmeventd or progress polling...
         Starting Monitoring of LVM2 mirrors... dmeventd or progress polling...
[   91.840192] systemd[1]: Mounted Huge Pages File System.
[[0;32m  OK  [0m] Mounted Huge Pages File System.
[   92.306828] systemd[1]: Mounted Debug File System.
[[0;32m  OK  [0m] Mounted Debug File System.
[   92.794951] systemd[1]: Mounted POSIX Message Queue File System.
[[0;32m  OK  [0m] Mounted POSIX Message Queue File System.
[   93.199180] systemd[1]: Started Journal Service.
[[0;32m  OK  [0m] Started Journal Service.
[[0;32m  OK  [0m] Started Load Kernel Modules.
[[0;32m  OK  [0m] Started Uncomplicated firewall.
[[0;32m  OK  [0m] Started Create list of required sta...ce nodes for the current kernel.
[[0;32m  OK  [0m] Started Set console keymap.
[[0;32m  OK  [0m] Started Remount Root and Kernel File Systems.
[[0;32m  OK  [0m] Started Nameserver information manager.
[[0;32m  OK  [0m] Started LVM2 metadata daemon.
         Starting Load/Save Random Seed...
         Starting udev Coldplug all Devices...
         Starting Initial cloud-init job (pre-networking)...
         Starting Create Static Device Nodes in /dev...
         Mounting FUSE Control File System...
         Starting Apply Kernel Variables...
         Starting Flush Journal to Persistent Storage...
[[0;32m  OK  [0m] Mounted FUSE Control File System.
[[0;32m  OK  [0m] Started Load/Save Random Seed.
[[0;32m  OK  [0m] Started Create Static Device Nodes in /dev.
[[0;32m  OK  [0m] Started Apply Kernel Variables.
[[0;32m  OK  [0m] Started Monitoring of LVM2 mirrors,...ng dmeventd or progress polling.
[[0;32m  OK  [0m] Started udev Coldplug all Devices.
[[0;32m  OK  [0m] Started Flush Journal to Persistent Storage.
         Starting udev Kernel Device Manager...
[[0;32m  OK  [0m] Started udev Kernel Device Manager.
[[0;32m  OK  [0m] Found device /dev/ttyS0.
[[0;32m  OK  [0m] Reached target Local File Systems (Pre).
[[0;32m  OK  [0m] Reached target Local File Systems.
         Starting Commit a transient machine-id on disk...
         Starting Create Volatile Files and Directories...
         Starting Tell Plymouth To Write Out Runtime Data...
         Starting Set console font and keymap...
         Starting LSB: AppArmor initialization...
[[0;32m  OK  [0m] Started Dispatch Password Requests to Console Directory Watch.
[[0;32m  OK  [0m] Started Commit a transient machine-id on disk.
[[0;32m  OK  [0m] Started Create Volatile Files and Directories.
[   62.782366] cloud-init[450]: Cloud-init v. 0.7.9 running 'init-local' at Thu, 04 May 2017 14:12:52 +0000. Up 62.47 seconds.
[[0;32m  OK  [0m] Started Tell Plymouth To Write Out Runtime Data.
[[0;32m  OK  [0m] Started Set console font and keymap.
[[0;32m  OK  [0m] Started Initial cloud-init job (pre-networking).
[[0;32m  OK  [0m] Listening on Load/Save RF Kill Switch Status /dev/rfkill Watch.
[[0;32m  OK  [0m] Reached target Network (Pre).
[[0;32m  OK  [0m] Created slice system-getty.slice.
         Starting Update UTMP about System Boot/Shutdown...
[[0;32m  OK  [0m] Reached target System Time Synchronized.
[[0;32m  OK  [0m] Started LSB: AppArmor initialization.
[[0;32m  OK  [0m] Started Update UTMP about System Boot/Shutdown.
         Starting Raise network interfaces...
[[0;32m  OK  [0m] Started ifup for enp0s3.
[[0;32m  OK  [0m] Started Raise network interfaces.
         Starting Initial cloud-init job (metadata service crawler)...
[[0;32m  OK  [0m] Reached target Network.
[   66.354588] cloud-init[967]: Cloud-init v. 0.7.9 running 'init' at Thu, 04 May 2017 14:12:56 +0000. Up 65.96 seconds.
[   66.454312] cloud-init[967]: ci-info: ++++++++++++++++++++++++++++++++++++++Net device info++++++++++++++++++++++++++++++++++++++
[[0;32m  OK  [0m] Started Initial cloud-init job (metadata service crawler).
[   66.539079] cloud-init[967]: ci-info: +--------+-------+----------------------------+---------------+-------+-------------------+
[   66.672660] cloud-init[967]: ci-info: | Device |   Up  |          Address           |      Mask     | Scope |     Hw-Address    |
[   66.752677] cloud-init[967]: ci-info: +--------+-------+----------------------------+---------------+-------+-------------------+
[   66.846930] cloud-init[967]: ci-info: | enp0s3 |  True |         10.0.2.15          | 255.255.255.0 |   .   | 02:70:ae:be:ac:28 |
[[0;32m  OK  [0m] Reached target Network is Online.
[   66.955923] cloud-init[967]: ci-info: | enp0s3 |  True | fe80::70:aeff:febe:ac28/64 |       .       |  link | 02:70:ae:be:ac:28 |
[   67.112706] cloud-init[967]: ci-info: |   lo   |  True |         127.0.0.1          |   255.0.0.0   |   .   |         .         |
[   67.196383] cloud-init[967]: ci-info: |   lo   |  True |          ::1/128           |       .       |  host |         .         |
[   67.196903] cloud-init[967]: ci-info: | enp0s8 | False |             .              |       .       |   .   | 08:00:27:08:3d:15 |
[   67.197013] cloud-init[967]: ci-info: +--------+-------+----------------------------+---------------+-------+-------------------+
[   67.197098] cloud-init[967]: ci-info: +++++++++++++++++++++++++++Route IPv4 info++++++++++++++++++++++++++++
[   67.197185] cloud-init[967]: ci-info: +-------+-------------+----------+---------------+-----------+-------+
[   67.197270] cloud-init[967]: ci-info: | Route | Destination | Gateway  |    Genmask    | Interface | Flags |
[   67.197353] cloud-init[967]: ci-info: +-------+-------------+----------+---------------+-----------+-------+
[   67.197443] cloud-init[967]: ci-info: |   0   |   0.0.0.0   | 10.0.2.2 |    0.0.0.0    |   enp0s3  |   UG  |
[   67.197526] cloud-init[967]: ci-info: |   1   |   10.0.2.0  | 0.0.0.0  | 255.255.255.0 |   enp0s3  |   U   |
[   67.197611] cloud-init[967]: ci-info: +-------+-------------+----------+---------------+-----------+-------+
[   67.198166] cloud-init[967]: Generating public/private rsa key pair.
[   67.198269] cloud-init[967]: Your identification has been saved in /etc/ssh/ssh_host_rsa_key.
[   67.198362] cloud-init[967]: Your public key has been saved in /etc/ssh/ssh_host_rsa_key.pub.
[   67.198449] cloud-init[967]: The key fingerprint is:
[   67.198531] cloud-init[967]: SHA256:tOEMAw1+XSu6taNn0aEdw+e9cQp29d+n3HD5MlYWcmU root@ubuntu-xenial
[   67.198616] cloud-init[967]: The key's randomart image is:
[   67.198721] cloud-init[967]: +---[RSA 2048]----+
[   67.198808] cloud-init[967]: |    oo    .      |
[   67.198895] cloud-init[967]: |   . ... . .    E|
[   67.198978] cloud-init[967]: |    . + =..    ..|
[   67.199059] cloud-init[967]: |     . B += .. o.|
[   67.199147] cloud-init[967]: |      . S+ * .o.o|
[   67.199230] cloud-init[967]: |       oo.o + + *|
[   67.199312] cloud-init[967]: |      . o. . o.O+|
[   67.199392] cloud-init[967]: |       .o.   .*+=|
[   67.199474] cloud-init[967]: |      .o     .o++|
[   67.199558] cloud-init[967]: +----[SHA256]-----+
[   67.199639] cloud-init[967]: Generating public/private dsa key pair.
[   67.199722] cloud-init[967]: Your identification has been saved in /etc/ssh/ssh_host_dsa_key.
[   67.199803] cloud-init[967]: Your public key has been saved in /etc/ssh/ssh_host_dsa_key.pub.
[   67.199884] cloud-init[967]: The key fingerprint is:
[   67.199972] cloud-init[967]: SHA256:EP2/0482AhOYj1fDLeHQQwGqerH/2+vBOnOoTeIi33M root@ubuntu-xenial
         Starting iSCSI initiator daemon (iscsid)...
[[0;32m  OK  [0m] Reached target System Initialization.
         Starting Socket activation for snappy daemon.
[   67.200183] cloud-init[967]: The key's randomart image is:
[   68.468654] cloud-init[967]: +---[DSA 1024]----+
[   68.512614] cloud-init[967]: |      ..  .+o.   |
         Starting LXD - unix socket.
[   68.533475] cloud-init[967]: |       .... +    |
[[0;32m  OK  [0m] Listening on D-Bus System Message Bus Socket.
[   68.543138] [[0;32m  OK  [0m] Listening on UUID daemon activation socket.
[[0;32m  OK  [0m] Listening on ACPID Listen Socket.
[[0;32m  OK  [0m] Started Timer to automatically refresh installed snaps.
[[0;32m  OK  [0m] Started Daily apt activities.
cloud-init[967]: |      . .+ + +   |
[[0;32m  OK  [0m] Started ACPI Events Check.
[   68.703230] cloud-init[967]: |       oo o * .  |
[   68.776603] cloud-init[967]: |      o So + o   |
[[0;32m  OK  [0m] Reached target Paths.
[   68.824129] cloud-init[967]: |     . o. =..    |
[[0;32m  OK  [0m[   68.896289] cloud-init[967]: |    . o ...+oo   |
[   68.896419] cloud-init[967]: |    ...+.+Eo=.+. |
[   68.896510] cloud-init[967]: |     o..===*+=.o.|
[   68.896595] cloud-init[967]: +----[SHA256]-----+
[   68.896677] cloud-init[967]: Generating public/private ecdsa key pair.
[   68.896761] cloud-init[967]: Your identification has been saved in /etc/ssh/ssh_host_ecdsa_key.
[   68.896843] cloud-init[967]: Your public key has been saved in /etc/ssh/ssh_host_ecdsa_key.pub.
[   68.896931] cloud-init[967]: The key fingerprint is:
[   68.897014] cloud-init[967]: SHA256:1GMZb8WQ29YRHXBz5eGfk60rlD7RijZiveQHw7wyjaU root@ubuntu-xenial
[   68.897097] cloud-init[967]: The key's randomart image is:
[   68.897179] cloud-init[967]: +---[ECDSA 256]---+
[   68.897260] cloud-init[967]: |          . .=o*B|
[   68.897341] cloud-init[967]: |         . +..+o=|
[   68.897430] cloud-init[967]: |        . = oo oo|
[   68.897514] cloud-init[967]: |       . . o. o *|
[   68.897599] cloud-init[967]: |        So   + +o|
[   68.897682] cloud-init[967]: |          * + ...|
[   68.897763] cloud-init[967]: |         *.B o.  |
[   68.897845] cloud-init[967]: |        EoB *  . |
[   68.897926] cloud-init[967]: |       . =o+ o.  |
[   68.898010] cloud-init[967]: +----[SHA256]-----+
[   68.898090] cloud-init[967]: Generating public/private ed25519 key pair.
[   68.898173] cloud-init[967]: Your identification has been saved in /etc/ssh/ssh_host_ed25519_key.
[   68.898259] cloud-init[967]: Your public key has been saved in /etc/ssh/ssh_host_ed25519_key.pub.
[   68.898346] cloud-init[967]: The key fingerprint is:
[   68.898430] cloud-init[967]: SHA256:qY0DhVM5Aw06OQmNDDsz9gT09ZTCyVE+Ruu0v3brxDA root@ubuntu-xenial
[   68.898513] cloud-init[967]: The key's randomart image is:
[   68.898595] cloud-init[967]: +--[ED25519 256]--+
[   68.898714] cloud-init[967]: |*=  =*==.        |
[   68.898802] cloud-init[967]: |.+++.BX..        |
[   68.898885] cloud-init[967]: |=.*oo oX         |
[   68.898972] cloud-init[967]: |.+oo o+ o.       |
[   68.899054] cloud-init[967]: |   ..  oSE       |
[   68.899134] cloud-init[967]: |     . +. +      |
[   68.899216] cloud-init[967]: |      + .. o     |
[   68.899297] cloud-init[967]: |       . .o.     |
[   68.899889] cloud-init[967]: |        ..oo.    |
[   68.899992] cloud-init[967]: +----[SHA256]-----+
] Started Daily Cleanup of Temporary Directories.
[[0;32m  OK  [0m] Reached target Timers.
[[0;32m  OK  [0m] Reached target Cloud-config availability.
[[0;32m  OK  [0m] Listening on Socket activation for snappy daemon.
[[0;32m  OK  [0m] Listening on LXD - unix socket.
[[0;32m  OK  [0m] Started iSCSI initiator daemon (iscsid).
         Starting Login to default iSCSI targets...
[[0;32m  OK  [0m] Reached target Sockets.
[[0;32m  OK  [0m] Reached target Basic System.
[[0;32m  OK  [0m] Started Regular background program processing daemon.
         Starting LXD - container startup/shutdown...
[[0;32m  OK  [0m] Started Deferred execution scheduler.
         Starting Pollinate to seed the pseudo random number generator...
         Starting Apply the settings specified in cloud-config...
         Starting /etc/rc.local Compatibility...
         Starting System Logging Service...
         Starting Accounts Service...
[[0;32m  OK  [0m] Started D-Bus System Message Bus.
[   70.486314] cloud-init[1121]: Generating locales (this might take a while)...
         Starting LSB: Record successful boot for GRUB...
         Starting LSB: MD monitoring daemon...
[[0;32m  OK  [0m] Started ACPI event daemon.
         Starting Login Service...
[[0;32m  OK  [0m] Started FUSE filesystem for LXC.
[   71.120122] cloud-init[1121]:   en_US.UTF-8... done
[[0;32m  OK  [0m] Started Snappy daemon.
         Starting Auto import assertions from block devices...
[[0;32m  OK  [0m] Started System Logging Service.
[[0;32m  OK  [0m] Started LXD - container startup/shutdown.
[   71.242275] cloud-init[1121]: Generation complete.
[[0;32m  OK  [0m] Started Pollinate to seed the pseudo random number generator.
[[0;32m  OK  [0m] Started /etc/rc.local Compatibility.
[[0;32m  OK  [0m] Started Auto import assertions from block devices.
[[0;32m  OK  [0m] Started Login to default iSCSI targets.
[[0;32m  OK  [0m] Started LSB: Record successful boot for GRUB.
[[0;32m  OK  [0m] Started LSB: MD monitoring daemon.
[[0;32m  OK  [0m] Started Login Service.
         Starting Authenticate and Authorize Users to Run Privileged Tasks...
[[0;32m  OK  [0m] Reached target Remote File Systems (Pre).
[[0;32m  OK  [0m] Reached target Remote File Systems.
         Starting LSB: automatic crash report generation...
         Starting LSB: Set the CPU Frequency Scaling governor to "ondemand"...
         Starting LSB: daemon to balance interrupts for SMP systems...
         Starting Permit User Sessions...
         Starting LSB: VirtualBox Linux Additions...
[[0;32m  OK  [0m] Stopped OpenBSD Secure Shell server.
         Starting OpenBSD Secure Shell server...
[[0;32m  OK  [0m] Started OpenBSD Secure Shell server.
[[0;32m  OK  [0m] Started Permit User Sessions.
[[0;32m  OK  [0m] Started Authenticate and Authorize Users to Run Privileged Tasks.
[[0;32m  OK  [0m] Started Accounts Service.
[[0;32m  OK  [0m] Started LSB: Set the CPU Frequency Scaling governor to "ondemand".
[[0;32m  OK  [0m] Created slice User Slice of ubuntu.
[   72.124902] cloud-init[1121]: Cloud-init v. 0.7.9 running 'modules:config' at Thu, 04 May 2017 14:13:00 +0000. Up 70.41 seconds.
[[0;32m  OK  [0m] Started Session 1 of user ubuntu.
         Starting User Manager for UID 1000...
         Starting Terminate Plymouth Boot Screen...
         Starting Hold until boot process finishes up...
[[0;32m  OK  [0m] Started User Manager for UID 1000.
[[0;32m  OK  [0m] Started Apply the settings specified in cloud-config.
[[0;32m  OK  [0m] Started LSB: automatic crash report generation.
[[0;32m  OK  [0m] Started LSB: daemon to balance interrupts for SMP systems.
[[0;32m  OK  [0m] Started LSB: VirtualBox Linux Additions.
[[0;32m  OK  [0m] Started Terminate Plymouth Boot Screen.
[[0;32m  OK  [0m] Started Hold until boot process finishes up.
         Starting Set console scheme...
[[0;32m  OK  [0m] Started Serial Getty on ttyS0.
[[0;32m  OK  [0m] Started Getty on tty1.
[[0;32m  OK  [0m] Reached target Login Prompts.
[[0;32m  OK  [0m] Reached target Multi-User System.
[[0;32m  OK  [0m] Reached target Graphical Interface.
         Starting Update UTMP about System Runlevel Changes...
         Starting Execute cloud user/final scripts...
[[0;32m  OK  [0m] Started Set console scheme.
[[0;32m  OK  [0m] Started Update UTMP about System Runlevel Changes.
ci-info: no authorized ssh keys fingerprints found for user ubuntu.
<14>May  4 14:13:03 ec2: 
<14>May  4 14:13:03 ec2: #############################################################
<14>May  4 14:13:03 ec2: -----BEGIN SSH HOST KEY FINGERPRINTS-----
<14>May  4 14:13:03 ec2: 1024 SHA256:EP2/0482AhOYj1fDLeHQQwGqerH/2+vBOnOoTeIi33M root@ubuntu-xenial (DSA)
<14>May  4 14:13:03 ec2: 256 SHA256:1GMZb8WQ29YRHXBz5eGfk60rlD7RijZiveQHw7wyjaU root@ubuntu-xenial (ECDSA)
<14>May  4 14:13:03 ec2: 256 SHA256:qY0DhVM5Aw06OQmNDDsz9gT09ZTCyVE+Ruu0v3brxDA root@ubuntu-xenial (ED25519)
<14>May  4 14:13:03 ec2: 2048 SHA256:tOEMAw1+XSu6taNn0aEdw+e9cQp29d+n3HD5MlYWcmU root@ubuntu-xenial (RSA)
<14>May  4 14:13:03 ec2: -----END SSH HOST KEY FINGERPRINTS-----
<14>May  4 14:13:03 ec2: #############################################################
-----BEGIN SSH HOST KEY KEYS-----
ecdsa-sha2-nistp256 AAAAE2VjZHNhLXNoYTItbmlzdHAyNTYAAAAIbmlzdHAyNTYAAABBBBmxKSTKfYHilEgcUkr5icOVtrEQM+6hGAW2C/wqVC+urtrZZdlMbiVmiQF3y4fSAgiZespu/8T05mjCMe1mpfI= root@ubuntu-xenial
ssh-ed25519 AAAAC3NzaC1lZDI1NTE5AAAAIONF/9qzKOFSsI1tUvuM3tbfRIiSnHho3moYVZ7lZ5XI root@ubuntu-xenial
ssh-rsa AAAAB3NzaC1yc2EAAAADAQABAAABAQCc3EG+WHy3w61lVcpqqwAeckFqWxGJYL3QJNkXt1GRU2LaegIgl/1TXDOsubMivut/K85crOMrsDsSGJLCqvYQXio5u5+mZD0dn24Jevo/E6UXFJj//qz7d9yJuAzdh7Hy2FXRvCFEWWZDhTU6Qpn2OjhkBNniPM9/lvLOOVy5cTqLoYx2A9u7k2gJs45ood9n2dZ9LHJMUcpGGG/AgXyV2lOGNV+ABaYjp1LqnHhtYj7qi6yNU4vpQ6jgvq+yr7GGYuWClFsbdIjnztJ0+KKUgYh90F6h4VgKraCRZELBQ6eoC6uemMyOmH+bLeHfIlFcFRvivxgz3PuoG8EaQqfF root@ubuntu-xenial
-----END SSH HOST KEY KEYS-----
[   75.016959] cloud-init[1355]: Cloud-init v. 0.7.9 running 'modules:final' at Thu, 04 May 2017 14:13:03 +0000. Up 73.24 seconds.
[   75.124399] cloud-init[1355]: ci-info: no authorized ssh keys fingerprints found for user ubuntu.
[   75.168341] cloud-init[1355]: Cloud-init v. 0.7.9 finished at Thu, 04 May 2017 14:13:05 +0000. Datasource DataSourceNoCloud [seed=/dev/sdb][dsmode=net].  Up 74.99 seconds
[[0;32m  OK  [0m] Started Execute cloud user/final scripts.
[[0;32m  OK  [0m] Reached target Cloud-init target.

Ubuntu 16.04.2 LTS ubuntu-xenial ttyS0

ubuntu-xenial login: 